2021-06-29 13:55:02.439242: I tensorflow/stream_executor/platform/default/dso_loader.cc:44] Successfully opened dynamic library libcuda.so.1
2021-06-29 13:55:02.534853: I tensorflow/core/common_runtime/gpu/gpu_device.cc:1561] Found device 0 with properties: 
pciBusID: 0000:65:00.0 name: Quadro P5000 computeCapability: 6.1
coreClock: 1.7335GHz coreCount: 20 deviceMemorySize: 15.90GiB deviceMemoryBandwidth: 269.00GiB/s
2021-06-29 13:55:02.537543: I tensorflow/stream_executor/platform/default/dso_loader.cc:44] Successfully opened dynamic library libcudart.so.10.1
2021-06-29 13:55:02.563755: I tensorflow/stream_executor/platform/default/dso_loader.cc:44] Successfully opened dynamic library libcublas.so.10
2021-06-29 13:55:02.579277: I tensorflow/stream_executor/platform/default/dso_loader.cc:44] Successfully opened dynamic library libcufft.so.10
2021-06-29 13:55:02.583529: I tensorflow/stream_executor/platform/default/dso_loader.cc:44] Successfully opened dynamic library libcurand.so.10
2021-06-29 13:55:02.609919: I tensorflow/stream_executor/platform/default/dso_loader.cc:44] Successfully opened dynamic library libcusolver.so.10
2021-06-29 13:55:02.616324: I tensorflow/stream_executor/platform/default/dso_loader.cc:44] Successfully opened dynamic library libcusparse.so.10
2021-06-29 13:55:02.664791: I tensorflow/stream_executor/platform/default/dso_loader.cc:44] Successfully opened dynamic library libcudnn.so.7
2021-06-29 13:55:02.668240: I tensorflow/core/common_runtime/gpu/gpu_device.cc:1703] Adding visible gpu devices: 0
2021-06-29 13:55:02.668936: I tensorflow/core/platform/cpu_feature_guard.cc:143] Your CPU supports instructions that this TensorFlow binary was not compiled to use: AVX2 AVX512F FMA
2021-06-29 13:55:02.702198: I tensorflow/core/platform/profile_utils/cpu_utils.cc:102] CPU Frequency: 3600000000 Hz
2021-06-29 13:55:02.703056: I tensorflow/compiler/xla/service/service.cc:168] XLA service 0x7f5eec000b60 initialized for platform Host (this does not guarantee that XLA will be used). Devices:
2021-06-29 13:55:02.703119: I tensorflow/compiler/xla/service/service.cc:176]   StreamExecutor device (0): Host, Default Version
2021-06-29 13:55:02.841722: I tensorflow/compiler/xla/service/service.cc:168] XLA service 0x558f6ffcbe50 initialized for platform CUDA (this does not guarantee that XLA will be used). Devices:
2021-06-29 13:55:02.841784: I tensorflow/compiler/xla/service/service.cc:176]   StreamExecutor device (0): Quadro P5000, Compute Capability 6.1
2021-06-29 13:55:02.849983: I tensorflow/core/common_runtime/gpu/gpu_device.cc:1561] Found device 0 with properties: 
pciBusID: 0000:65:00.0 name: Quadro P5000 computeCapability: 6.1
coreClock: 1.7335GHz coreCount: 20 deviceMemorySize: 15.90GiB deviceMemoryBandwidth: 269.00GiB/s
2021-06-29 13:55:02.850109: I tensorflow/stream_executor/platform/default/dso_loader.cc:44] Successfully opened dynamic library libcudart.so.10.1
2021-06-29 13:55:02.850143: I tensorflow/stream_executor/platform/default/dso_loader.cc:44] Successfully opened dynamic library libcublas.so.10
2021-06-29 13:55:02.850172: I tensorflow/stream_executor/platform/default/dso_loader.cc:44] Successfully opened dynamic library libcufft.so.10
2021-06-29 13:55:02.850201: I tensorflow/stream_executor/platform/default/dso_loader.cc:44] Successfully opened dynamic library libcurand.so.10
2021-06-29 13:55:02.850229: I tensorflow/stream_executor/platform/default/dso_loader.cc:44] Successfully opened dynamic library libcusolver.so.10
2021-06-29 13:55:02.850257: I tensorflow/stream_executor/platform/default/dso_loader.cc:44] Successfully opened dynamic library libcusparse.so.10
2021-06-29 13:55:02.850286: I tensorflow/stream_executor/platform/default/dso_loader.cc:44] Successfully opened dynamic library libcudnn.so.7
2021-06-29 13:55:02.852931: I tensorflow/core/common_runtime/gpu/gpu_device.cc:1703] Adding visible gpu devices: 0
2021-06-29 13:55:02.854587: I tensorflow/stream_executor/platform/default/dso_loader.cc:44] Successfully opened dynamic library libcudart.so.10.1
2021-06-29 13:55:02.856434: I tensorflow/core/common_runtime/gpu/gpu_device.cc:1102] Device interconnect StreamExecutor with strength 1 edge matrix:
2021-06-29 13:55:02.856472: I tensorflow/core/common_runtime/gpu/gpu_device.cc:1108]      0 
2021-06-29 13:55:02.856487: I tensorflow/core/common_runtime/gpu/gpu_device.cc:1121] 0:   N 
2021-06-29 13:55:02.860811: I tensorflow/core/common_runtime/gpu/gpu_device.cc:1247] Created TensorFlow device (/job:localhost/replica:0/task:0/device:GPU:0 with 15178 MB memory) -> physical GPU (device: 0, name: Quadro P5000, pci bus id: 0000:65:00.0, compute capability: 6.1)
2021-06-29 13:55:16.641563: I tensorflow/stream_executor/platform/default/dso_loader.cc:44] Successfully opened dynamic library libcublas.so.10
2021-06-29 13:55:17.055612: I tensorflow/stream_executor/platform/default/dso_loader.cc:44] Successfully opened dynamic library libcudnn.so.7
