NUM_ITER 100
BATCH_SIZE 50
NUM_BATCH 100
NUM_SNPS 36
L 50000
NUM_CLASSES 2
NUM_CHANNELS 2
NUM_ITER 300
BATCH_SIZE 50
NUM_BATCH 100
NUM_SNPS 36
L 50000
NUM_CLASSES 2
NUM_CHANNELS 2
{'model': 'exp', 'params': 'N1,N2,growth,T1,T2', 'data_h5': '/bigdata/smathieson/pg-gan/1000g/HDF5/CHB.phase3_shapeit2_mvncall_integrated_v5a.20130502.genotypes.h5', 'bed': '/bigdata/smathieson/pg-gan/1000g/HDF5/20120824_strict_mask.bed', 'reco_folder': '/bigdata/smathieson/pg-gan/1000g/genetic_map/', 'grid': None, 'toy': None, 'seed': 1833}
NAME	VALUE	MIN	MAX
N1	9000	1000	30000
NAME	VALUE	MIN	MAX
N2	5000	1000	30000
NAME	VALUE	MIN	MAX
growth	0.005	0.0	0.05
NAME	VALUE	MIN	MAX
T1	2000	1500	5000
NAME	VALUE	MIN	MAX
T2	350	100	1500
['calldata', 'variants']
['GT'] ['CHROM', 'POS']
raw (11703947, 99, 2)
