2021-06-27 09:57:59.029524: I tensorflow/stream_executor/platform/default/dso_loader.cc:44] Successfully opened dynamic library libcuda.so.1
2021-06-27 09:57:59.059339: I tensorflow/stream_executor/cuda/cuda_gpu_executor.cc:981] successful NUMA node read from SysFS had negative value (-1), but there must be at least one NUMA node, so returning NUMA node zero
2021-06-27 09:57:59.059691: I tensorflow/core/common_runtime/gpu/gpu_device.cc:1561] Found device 0 with properties: 
pciBusID: 0000:01:00.0 name: Quadro P2000 computeCapability: 6.1
coreClock: 1.4805GHz coreCount: 8 deviceMemorySize: 4.93GiB deviceMemoryBandwidth: 130.53GiB/s
2021-06-27 09:57:59.060417: W tensorflow/stream_executor/platform/default/dso_loader.cc:55] Could not load dynamic library 'libcudart.so.10.1'; dlerror: libcudart.so.10.1: cannot open shared object file: No such file or directory; LD_LIBRARY_PATH: /usr/local/cuda-10.1/lib64:/usr/local/cuda/extras/CUPTI/lib64:/packages/cs/python3.7.7/lib
2021-06-27 09:57:59.060489: W tensorflow/stream_executor/platform/default/dso_loader.cc:55] Could not load dynamic library 'libcublas.so.10'; dlerror: libcublas.so.10: cannot open shared object file: No such file or directory; LD_LIBRARY_PATH: /usr/local/cuda-10.1/lib64:/usr/local/cuda/extras/CUPTI/lib64:/packages/cs/python3.7.7/lib
2021-06-27 09:57:59.060530: W tensorflow/stream_executor/platform/default/dso_loader.cc:55] Could not load dynamic library 'libcufft.so.10'; dlerror: libcufft.so.10: cannot open shared object file: No such file or directory; LD_LIBRARY_PATH: /usr/local/cuda-10.1/lib64:/usr/local/cuda/extras/CUPTI/lib64:/packages/cs/python3.7.7/lib
2021-06-27 09:57:59.060569: W tensorflow/stream_executor/platform/default/dso_loader.cc:55] Could not load dynamic library 'libcurand.so.10'; dlerror: libcurand.so.10: cannot open shared object file: No such file or directory; LD_LIBRARY_PATH: /usr/local/cuda-10.1/lib64:/usr/local/cuda/extras/CUPTI/lib64:/packages/cs/python3.7.7/lib
2021-06-27 09:57:59.060608: W tensorflow/stream_executor/platform/default/dso_loader.cc:55] Could not load dynamic library 'libcusolver.so.10'; dlerror: libcusolver.so.10: cannot open shared object file: No such file or directory; LD_LIBRARY_PATH: /usr/local/cuda-10.1/lib64:/usr/local/cuda/extras/CUPTI/lib64:/packages/cs/python3.7.7/lib
2021-06-27 09:57:59.060647: W tensorflow/stream_executor/platform/default/dso_loader.cc:55] Could not load dynamic library 'libcusparse.so.10'; dlerror: libcusparse.so.10: cannot open shared object file: No such file or directory; LD_LIBRARY_PATH: /usr/local/cuda-10.1/lib64:/usr/local/cuda/extras/CUPTI/lib64:/packages/cs/python3.7.7/lib
2021-06-27 09:57:59.060685: W tensorflow/stream_executor/platform/default/dso_loader.cc:55] Could not load dynamic library 'libcudnn.so.7'; dlerror: libcudnn.so.7: cannot open shared object file: No such file or directory; LD_LIBRARY_PATH: /usr/local/cuda-10.1/lib64:/usr/local/cuda/extras/CUPTI/lib64:/packages/cs/python3.7.7/lib
2021-06-27 09:57:59.060693: W tensorflow/core/common_runtime/gpu/gpu_device.cc:1598] Cannot dlopen some GPU libraries. Please make sure the missing libraries mentioned above are installed properly if you would like to use GPU. Follow the guide at https://www.tensorflow.org/install/gpu for how to download and setup the required libraries for your platform.
Skipping registering GPU devices...
2021-06-27 09:57:59.060968: I tensorflow/core/platform/cpu_feature_guard.cc:143] Your CPU supports instructions that this TensorFlow binary was not compiled to use: AVX2 FMA
2021-06-27 09:57:59.066744: I tensorflow/core/platform/profile_utils/cpu_utils.cc:102] CPU Frequency: 3000000000 Hz
2021-06-27 09:57:59.067015: I tensorflow/compiler/xla/service/service.cc:168] XLA service 0x7efe3c000b60 initialized for platform Host (this does not guarantee that XLA will be used). Devices:
2021-06-27 09:57:59.068148: I tensorflow/compiler/xla/service/service.cc:176]   StreamExecutor device (0): Host, Default Version
2021-06-27 09:57:59.069486: I tensorflow/core/common_runtime/gpu/gpu_device.cc:1102] Device interconnect StreamExecutor with strength 1 edge matrix:
2021-06-27 09:57:59.070436: I tensorflow/core/common_runtime/gpu/gpu_device.cc:1108]      
2021-06-27 11:10:16.948861: W tensorflow/core/framework/cpu_allocator_impl.cc:81] Allocation of 4055040000 exceeds 10% of free system memory.
2021-06-27 11:10:17.296259: W tensorflow/core/framework/cpu_allocator_impl.cc:81] Allocation of 4055040000 exceeds 10% of free system memory.
2021-06-27 11:10:17.716094: W tensorflow/core/framework/cpu_allocator_impl.cc:81] Allocation of 4055040000 exceeds 10% of free system memory.
2021-06-27 11:10:18.447573: W tensorflow/core/framework/cpu_allocator_impl.cc:81] Allocation of 3041280000 exceeds 10% of free system memory.
2021-06-27 11:10:18.990175: W tensorflow/core/framework/cpu_allocator_impl.cc:81] Allocation of 3041280000 exceeds 10% of free system memory.
